2025-08-08 18:27:20,741 - INFO - Starting the digital noise analyzer script.
2025-08-08 18:27:20,762 - INFO - Database initialized successfully.
2025-08-08 18:27:20,763 - INFO - Starting data collection for keywords: ['python', 'искусственный интеллект']
2025-08-08 18:27:20,763 - INFO - Fetching RSS from Lenta.ru for keyword: 'python'
2025-08-08 18:27:22,251 - INFO - Found 0 articles on Lenta.ru for keyword: 'python'
2025-08-08 18:27:22,252 - INFO - Fetching HTML from Habr.com for keyword: 'python' from https://habr.com/ru/search/?q=python&target_type=posts&order=date
2025-08-08 18:27:22,258 - INFO - Fetching RSS from Lenta.ru for keyword: 'искусственный интеллект'
2025-08-08 18:27:23,618 - INFO - Found 0 articles on Lenta.ru for keyword: 'искусственный интеллект'
2025-08-08 18:27:23,619 - INFO - Fetching HTML from Habr.com for keyword: 'искусственный интеллект' from https://habr.com/ru/search/?q=искусственный интеллект&target_type=posts&order=date
2025-08-08 18:27:24,702 - INFO - Found 0 articles on Habr.com for keyword: 'python'
2025-08-08 18:27:24,786 - INFO - Found 0 articles on Habr.com for keyword: 'искусственный интеллект'
2025-08-08 18:27:24,787 - INFO - Total articles collected: 0
2025-08-08 18:27:24,788 - INFO - No new articles to save.
2025-08-08 18:27:24,788 - INFO - Digital noise analyzer script finished successfully.
2025-08-08 18:28:07,888 - INFO - Starting the digital noise analyzer script.
2025-08-08 18:28:07,896 - INFO - Database initialized successfully.
2025-08-08 18:28:07,896 - INFO - Starting data collection for keywords: ['python', 'искусственный интеллект']
2025-08-08 18:28:07,896 - INFO - Fetching RSS from Lenta.ru for keyword: 'python'
2025-08-08 18:28:09,393 - INFO - Found 0 articles on Lenta.ru for keyword: 'python'
2025-08-08 18:28:09,394 - INFO - Fetching HTML from Habr.com for keyword: 'python' from https://habr.com/ru/search/?q=python&target_type=posts&order=date
2025-08-08 18:28:09,396 - INFO - Fetching RSS from Lenta.ru for keyword: 'искусственный интеллект'
2025-08-08 18:28:10,757 - INFO - Found 0 articles on Lenta.ru for keyword: 'искусственный интеллект'
2025-08-08 18:28:10,758 - INFO - Fetching HTML from Habr.com for keyword: 'искусственный интеллект' from https://habr.com/ru/search/?q=искусственный интеллект&target_type=posts&order=date
2025-08-08 18:28:11,645 - INFO - Found 0 articles on Habr.com for keyword: 'искусственный интеллект'
2025-08-08 18:28:11,730 - INFO - Found 0 articles on Habr.com for keyword: 'python'
2025-08-08 18:28:11,731 - INFO - Total articles collected: 0
2025-08-08 18:28:11,732 - INFO - No new articles to save.
2025-08-08 18:28:11,732 - INFO - Digital noise analyzer script finished successfully.
2025-08-08 18:28:26,242 - INFO - Starting the digital noise analyzer script.
2025-08-08 18:28:26,249 - INFO - Database initialized successfully.
2025-08-08 18:28:26,249 - INFO - Starting data collection for keywords: ['python', 'искусственный интеллект']
2025-08-08 18:28:26,249 - INFO - Fetching RSS from Lenta.ru for keyword: 'python'
2025-08-08 18:28:27,619 - INFO - Found 0 articles on Lenta.ru for keyword: 'python'
2025-08-08 18:28:27,620 - INFO - Fetching HTML from Habr.com for keyword: 'python' from https://habr.com/ru/search/?q=python&target_type=posts&order=date
2025-08-08 18:28:27,622 - INFO - Fetching RSS from Lenta.ru for keyword: 'искусственный интеллект'
2025-08-08 18:28:28,973 - INFO - Found 0 articles on Lenta.ru for keyword: 'искусственный интеллект'
2025-08-08 18:28:28,974 - INFO - Fetching HTML from Habr.com for keyword: 'искусственный интеллект' from https://habr.com/ru/search/?q=искусственный интеллект&target_type=posts&order=date
2025-08-08 18:28:29,792 - INFO - Found 0 articles on Habr.com for keyword: 'искусственный интеллект'
2025-08-08 18:28:29,877 - INFO - Found 0 articles on Habr.com for keyword: 'python'
2025-08-08 18:28:29,877 - INFO - Total articles collected: 0
2025-08-08 18:28:29,878 - INFO - No new articles to save.
2025-08-08 18:28:29,879 - INFO - Digital noise analyzer script finished successfully.
2025-08-08 18:28:58,962 - INFO - Starting the digital noise analyzer script.
2025-08-08 18:28:58,971 - INFO - Database initialized successfully.
2025-08-08 18:28:58,971 - INFO - Starting data collection for keywords: ['python', 'искусственный интеллект']
2025-08-08 18:28:58,972 - INFO - Fetching RSS from Lenta.ru for keyword: 'python'
2025-08-08 18:29:00,336 - INFO - Found 0 articles on Lenta.ru for keyword: 'python'
2025-08-08 18:29:00,337 - INFO - Fetching HTML from Habr.com for keyword: 'python' from https://habr.com/ru/search/?q=python&target_type=posts&order=date
2025-08-08 18:29:00,339 - INFO - Fetching RSS from Lenta.ru for keyword: 'искусственный интеллект'
2025-08-08 18:29:01,716 - INFO - Found 0 articles on Lenta.ru for keyword: 'искусственный интеллект'
2025-08-08 18:29:01,717 - INFO - Fetching HTML from Habr.com for keyword: 'искусственный интеллект' from https://habr.com/ru/search/?q=искусственный интеллект&target_type=posts&order=date
2025-08-08 18:29:02,486 - INFO - Found 20 articles on Habr.com for keyword: 'искусственный интеллект'
2025-08-08 18:29:02,574 - INFO - Found 20 articles on Habr.com for keyword: 'python'
2025-08-08 18:29:02,574 - INFO - Total articles collected: 40
2025-08-08 18:29:02,575 - INFO - Attempting to save 40 articles to the database...
2025-08-08 18:29:02,680 - INFO - Successfully added 40 new articles to the database.
2025-08-08 18:29:02,681 - INFO - Digital noise analyzer script finished successfully.
